Start testing: Jun 10 21:54 +06
----------------------------------------------------------
1/1 Testing: LoggerTest
1/1 Test: LoggerTest
Command: "/Users/kamruzzamankhanalve/Desktop/singleton_logger/build/test/logger_test"
Directory: /Users/kamruzzamankhanalve/Desktop/singleton_logger/build/test
"LoggerTest" start time: Jun 10 21:54 +06
Output:
----------------------------------------------------------
Running main() from /private/tmp/googletest-20250430-4705-6kzjyz/googletest-1.17.0/googletest/src/gtest_main.cc
[==========] Running 2 tests from 1 test suite.
[----------] Global test environment set-up.
[----------] 2 tests from LoggerTest
[ RUN      ] LoggerTest.SameInstance
[       OK ] LoggerTest.SameInstance (0 ms)
[ RUN      ] LoggerTest.LogFunctionDoesNotCrash
[LOG]: GTest logging test.
[       OK ] LoggerTest.LogFunctionDoesNotCrash (0 ms)
[----------] 2 tests from LoggerTest (0 ms total)

[----------] Global test environment tear-down
[==========] 2 tests from 1 test suite ran. (0 ms total)
[  PASSED  ] 2 tests.
<end of output>
Test time =   0.03 sec
----------------------------------------------------------
Test Passed.
"LoggerTest" end time: Jun 10 21:54 +06
"LoggerTest" time elapsed: 00:00:00
----------------------------------------------------------

End testing: Jun 10 21:54 +06
